DEV_KW/Zyqyd_ls/app/build/outputs/logs/manifest-merger-release-report.txt
-- Merging decision tree log ---
manifest
ADDED from src\main\AndroidManifest.xml:2:1-48:12
	package
		ADDED from src\main\AndroidManifest.xml:4:11-34
		INJECTED from src\main\AndroidManifest.xml
		INJECTED from src\main\AndroidManifest.xml
	android:versionName
		INJECTED from src\main\AndroidManifest.xml
		INJECTED from src\main\AndroidManifest.xml
	xmlns:tools
		ADDED from src\main\AndroidManifest.xml:3:11-57
	xmlns:android
		ADDED from src\main\AndroidManifest.xml:2:11-69
	android:versionCode
		INJECTED from src\main\AndroidManifest.xml
		INJECTED from src\main\AndroidManifest.xml
uses-permission#android.permission.INTERNET
ADDED from src\main\AndroidManifest.xml:6:5-66
	android:name
		ADDED from src\main\AndroidManifest.xml:6:22-64
uses-permission#android.permission.WRITE_EXTERNAL_STORAGE
ADDED from src\main\AndroidManifest.xml:7:5-80
MERGED from [WebViewDemo:wjc_ImagePicker:unspecified] AndroidManifest.xml:8:5-81
MERGED from [WebViewDemo:zxingScan:unspecified] AndroidManifest.xml:18:5-81
	android:name
		ADDED from src\main\AndroidManifest.xml:7:22-78
uses-permission#android.permission.READ_EXTERNAL_STORAGE
ADDED from src\main\AndroidManifest.xml:8:5-79
MERGED from [WebViewDemo:wjc_ImagePicker:unspecified] AndroidManifest.xml:10:5-80
	android:name
		ADDED from src\main\AndroidManifest.xml:8:22-77
uses-permission#android.permission.RECORD_AUDIO
ADDED from src\main\AndroidManifest.xml:9:5-87
	android:name
		ADDED from src\main\AndroidManifest.xml:9:22-68
uses-permission#android.permission.MOUNT_UNMOUNT_FILESYSTEMS
ADDED from src\main\AndroidManifest.xml:10:5-83
MERGED from [WebViewDemo:wjc_ImagePicker:unspecified] AndroidManifest.xml:6:5-84
	android:name
		ADDED from src\main\AndroidManifest.xml:10:22-81
application
ADDED from src\main\AndroidManifest.xml:12:5-46:19
MERGED from [WebViewDemo:wjc_ImagePicker:unspecified] AndroidManifest.xml:12:5-23:19
MERGED from [WebViewDemo:zxingScan:unspecified] AndroidManifest.xml:20:5-30:19
MERGED from [pub.devrel:easypermissions:0.1.7] AndroidManifest.xml:12:5-20
MERGED from [com.android.support:appcompat-v7:25.0.1] AndroidManifest.xml:25:5-20
MERGED from [com.android.support:support-v4:25.0.1] AndroidManifest.xml:25:5-20
MERGED from [com.android.support:support-fragment:25.0.1] AndroidManifest.xml:25:5-20
MERGED from [com.android.support:support-media-compat:25.0.1] AndroidManifest.xml:25:5-20
MERGED from [com.android.support:support-core-ui:25.0.1] AndroidManifest.xml:25:5-20
MERGED from [com.android.support:support-core-utils:25.0.1] AndroidManifest.xml:25:5-20
MERGED from [com.android.support:animated-vector-drawable:25.0.1] AndroidManifest.xml:22:5-20
MERGED from [com.android.support:support-vector-drawable:25.0.1] AndroidManifest.xml:23:5-20
MERGED from [com.android.support:support-compat:25.0.1] AndroidManifest.xml:25:5-20
MERGED from [com.android.support.constraint:constraint-layout:1.0.2] AndroidManifest.xml:9:5-20
	android:label
		ADDED from src\main\AndroidManifest.xml:16:9-41
		REJECTED from [WebViewDemo:zxingScan:unspecified] AndroidManifest.xml:23:9-41
	android:supportsRtl
		ADDED from src\main\AndroidManifest.xml:17:9-35
	android:allowBackup
		ADDED from src\main\AndroidManifest.xml:14:9-35
	android:icon
		ADDED from src\main\AndroidManifest.xml:15:9-43
		REJECTED from [WebViewDemo:zxingScan:unspecified] AndroidManifest.xml:22:9-43
	android:theme
		ADDED from src\main\AndroidManifest.xml:18:9-56
		REJECTED from [WebViewDemo:zxingScan:unspecified] AndroidManifest.xml:24:9-56
	tools:replace
		ADDED from src\main\AndroidManifest.xml:19:9-67
	android:name
		ADDED from src\main\AndroidManifest.xml:13:9-28
activity#cn.kiway.yqyd.activity.WebViewActivity2
ADDED from src\main\AndroidManifest.xml:21:9-26:61
	android:screenOrientation
		ADDED from src\main\AndroidManifest.xml:26:13-49
	android:label
		ADDED from src\main\AndroidManifest.xml:24:13-45
	android:launchMode
		ADDED from src\main\AndroidManifest.xml:25:13-43
	android:configChanges
		ADDED from src\main\AndroidManifest.xml:23:13-63
	android:name
		ADDED from src\main\AndroidManifest.xml:22:13-67
activity#cn.kiway.yqyd.activity.LoginActivity
ADDED from src\main\AndroidManifest.xml:27:9-33:25
	android:screenOrientation
		ADDED from src\main\AndroidManifest.xml:32:13-49
	android:label
		ADDED from src\main\AndroidManifest.xml:30:13-45
	android:launchMode
		ADDED from src\main\AndroidManifest.xml:31:13-43
	android:configChanges
		ADDED from src\main\AndroidManifest.xml:29:13-63
	android:name
		ADDED from src\main\AndroidManifest.xml:28:13-64
activity#cn.kiway.yqyd.activity.BootActivity
ADDED from src\main\AndroidManifest.xml:34:9-45:20
	android:screenOrientation
		ADDED from src\main\AndroidManifest.xml:39:13-49
	android:label
		ADDED from src\main\AndroidManifest.xml:37:13-45
	android:launchMode
		ADDED from src\main\AndroidManifest.xml:38:13-43
	android:configChanges
		ADDED from src\main\AndroidManifest.xml:36:13-63
	android:name
		ADDED from src\main\AndroidManifest.xml:35:13-63
intent-filter#android.intent.action.MAIN+android.intent.category.LAUNCHER
ADDED from src\main\AndroidManifest.xml:40:13-44:29
action#android.intent.action.MAIN
ADDED from src\main\AndroidManifest.xml:41:17-68
	android:name
		ADDED from src\main\AndroidManifest.xml:41:25-66
category#android.intent.category.LAUNCHER
ADDED from src\main\AndroidManifest.xml:43:17-76
	android:name
		ADDED from src\main\AndroidManifest.xml:43:27-74
uses-sdk
INJECTED from src\main\AndroidManifest.xml reason: use-sdk injection requested
MERGED from [WebViewDemo:zxingScan:unspecified] AndroidManifest.xml:10:5-13:105
MERGED from [pub.devrel:easypermissions:0.1.7] AndroidManifest.xml:8:5-10:41
MERGED from [cn.bingoogolapple:bga-qrcodecore:1.1.7] AndroidManifest.xml:6:5-8:41
MERGED from [cn.bingoogolapple:bga-zxing:1.1.7] AndroidManifest.xml:6:5-8:41
MERGED from [com.android.databinding:adapters:1.3.1] AndroidManifest.xml:22:5-24:41
MERGED from [com.android.databinding:library:1.3.1] AndroidManifest.xml:22:5-24:41
MERGED from [com.android.support:appcompat-v7:25.0.1] AndroidManifest.xml:21:5-23:78
MERGED from [com.android.support:support-v4:25.0.1] AndroidManifest.xml:21:5-23:54
MERGED from [com.android.support:support-fragment:25.0.1] AndroidManifest.xml:21:5-23:60
MERGED from [com.android.support:support-media-compat:25.0.1] AndroidManifest.xml:21:5-23:63
MERGED from [com.android.support:support-core-ui:25.0.1] AndroidManifest.xml:21:5-23:58
MERGED from [com.android.support:support-core-utils:25.0.1] AndroidManifest.xml:21:5-23:61
MERGED from [com.android.support:animated-vector-drawable:25.0.1] AndroidManifest.xml:20:5-44
MERGED from [com.android.support:support-vector-drawable:25.0.1] AndroidManifest.xml:21:5-43
MERGED from [com.android.support:support-compat:25.0.1] AndroidManifest.xml:21:5-23:58
MERGED from [com.android.support.constraint:constraint-layout:1.0.2] AndroidManifest.xml:5:5-7:41
	tools:overrideLibrary
		ADDED from [WebViewDemo:zxingScan:unspecified] AndroidManifest.xml:13:9-102
	android:targetSdkVersion
		INJECTED from src\main\AndroidManifest.xml
		INJECTED from src\main\AndroidManifest.xml
	android:minSdkVersion
		INJECTED from src\main\AndroidManifest.xml
		INJECTED from src\main\AndroidManifest.xml
activity#com.lzy.imagepicker.ui.ImageBaseActivity
ADDED from [WebViewDemo:wjc_ImagePicker:unspecified] AndroidManifest.xml:13:9-77
	android:name
		ADDED from [WebViewDemo:wjc_ImagePicker:unspecified] AndroidManifest.xml:13:19-74
activity#com.lzy.imagepicker.ui.ImageGridActivity
ADDED from [WebViewDemo:wjc_ImagePicker:unspecified] AndroidManifest.xml:14:9-16:55
	android:theme
		ADDED from [WebViewDemo:wjc_ImagePicker:unspecified] AndroidManifest.xml:16:13-52
	android:name
		ADDED from [WebViewDemo:wjc_ImagePicker:unspecified] AndroidManifest.xml:15:13-68
activity#com.lzy.imagepicker.ui.ImageCropActivity
ADDED from [WebViewDemo:wjc_ImagePicker:unspecified] AndroidManifest.xml:17:9-19:55
	android:theme
		ADDED from [WebViewDemo:wjc_ImagePicker:unspecified] AndroidManifest.xml:19:13-52
	android:name
		ADDED from [WebViewDemo:wjc_ImagePicker:unspecified] AndroidManifest.xml:18:13-68
activity#com.lzy.imagepicker.ui.ImagePreviewActivity
ADDED from [WebViewDemo:wjc_ImagePicker:unspecified] AndroidManifest.xml:20:9-22:65
	android:theme
		ADDED from [WebViewDemo:wjc_ImagePicker:unspecified] AndroidManifest.xml:22:13-62
	android:name
		ADDED from [WebViewDemo:wjc_ImagePicker:unspecified] AndroidManifest.xml:21:13-71
uses-permission#android.permission.READ_PHONE_STATE
IMPLIED from src\main\AndroidManifest.xml:2:1-48:12 reason: com.lzy.imagepicker has a targetSdkVersion < 4
uses-permission#android.permission.CAMERA
ADDED from [WebViewDemo:zxingScan:unspecified] AndroidManifest.xml:15:5-65
	android:name
		ADDED from [WebViewDemo:zxingScan:unspecified] AndroidManifest.xml:15:22-62
uses-permission#android.permission.VIBRATE
ADDED from [WebViewDemo:zxingScan:unspecified] AndroidManifest.xml:16:5-66
	android:name
		ADDED from [WebViewDemo:zxingScan:unspecified] AndroidManifest.xml:16:22-63
uses-permission#android.permission.FLASHLIGHT
ADDED from [WebViewDemo:zxingScan:unspecified] AndroidManifest.xml:17:5-69
	android:name
		ADDED from [WebViewDemo:zxingScan:unspecified] AndroidManifest.xml:17:22-66
activity#cn.bingoogolapple.qrcode.zxingdemo.ScanActivity
ADDED from [WebViewDemo:zxingScan:unspecified] AndroidManifest.xml:25:9-29:20
	android:screenOrientation
		ADDED from [WebViewDemo:zxingScan:unspecified] AndroidManifest.xml:27:13-49
	android:theme
		ADDED from [WebViewDemo:zxingScan:unspecified] AndroidManifest.xml:28:13-69
	android:name
		ADDED from [WebViewDemo:zxingScan:unspecified] AndroidManifest.xml:26:13-75